2024-10-21 19:03:00 INFO  UnitTestLab:8 - number=-5
2024-10-21 19:03:00 INFO  UnitTestLab:8 - Invalid input!
2024-10-21 19:03:00 INFO  UnitTestLab:8 - Invalid input(s)!
2024-10-21 19:03:00 INFO  UnitTestLab:8 - a positive
2024-10-21 19:03:00 INFO  UnitTestLab:8 - number=0
2024-10-21 19:03:00 INFO  UnitTestLab:8 - Invalid input!
2024-10-21 19:03:01 INFO  UnitTestLab:8 - number=5
2024-10-21 19:03:01 INFO  UnitTestLab:8 - factorial=120
2024-10-21 19:03:42 INFO  UnitTestLab:8 - number=-5
2024-10-21 19:03:42 INFO  UnitTestLab:8 - Invalid input!
2024-10-21 19:03:42 INFO  UnitTestLab:8 - number=0
2024-10-21 19:03:42 INFO  UnitTestLab:8 - Invalid input!
2024-10-21 19:03:43 INFO  UnitTestLab:8 - number=5
2024-10-21 19:03:43 INFO  UnitTestLab:8 - factorial=120
2024-10-21 19:04:17 INFO  UnitTestLab:8 - number=-5
2024-10-21 19:04:17 INFO  UnitTestLab:8 - Invalid input!
2024-10-21 19:04:17 INFO  UnitTestLab:8 - Invalid input(s)!
2024-10-21 19:04:17 INFO  UnitTestLab:8 - a positive
2024-10-21 19:04:17 INFO  UnitTestLab:8 - number=0
2024-10-21 19:04:17 INFO  UnitTestLab:8 - Invalid input!
2024-10-21 19:04:18 INFO  UnitTestLab:8 - number=5
2024-10-21 19:04:18 INFO  UnitTestLab:8 - factorial=120
2024-10-21 19:05:48 INFO  UnitTestLab:8 - number=-5
2024-10-21 19:05:48 INFO  UnitTestLab:8 - Invalid input!
2024-10-21 19:05:48 INFO  UnitTestLab:8 - number=0
2024-10-21 19:05:48 INFO  UnitTestLab:8 - Invalid input!
2024-10-21 19:05:48 INFO  UnitTestLab:8 - number=5
2024-10-21 19:05:48 INFO  UnitTestLab:8 - factorial=120
2024-10-21 19:06:16 INFO  UnitTestLab:8 - number=-5
2024-10-21 19:06:16 INFO  UnitTestLab:8 - Invalid input!
2024-10-21 19:06:16 INFO  UnitTestLab:8 - Invalid input(s)!
2024-10-21 19:06:16 INFO  UnitTestLab:8 - a positive
2024-10-21 19:06:16 INFO  UnitTestLab:8 - number=0
2024-10-21 19:06:16 INFO  UnitTestLab:8 - Invalid input!
2024-10-21 19:06:17 INFO  UnitTestLab:8 - number=5
2024-10-21 19:06:17 INFO  UnitTestLab:8 - factorial=120
2024-10-21 19:06:33 INFO  UnitTestLab:8 - Invalid input(s)!
2024-10-21 19:06:33 INFO  UnitTestLab:8 - a positive
2024-10-21 19:11:00 INFO  UnitTestLab:8 - number=-5
2024-10-21 19:11:00 INFO  UnitTestLab:8 - Invalid input!
2024-10-21 19:11:00 INFO  UnitTestLab:8 - Invalid input(s)!
2024-10-21 19:11:00 INFO  UnitTestLab:8 - a positive
2024-10-21 19:11:00 INFO  UnitTestLab:8 - number=0
2024-10-21 19:11:00 INFO  UnitTestLab:8 - Invalid input!
2024-10-21 19:11:01 INFO  UnitTestLab:8 - number=5
2024-10-21 19:11:01 INFO  UnitTestLab:8 - factorial=120
2024-10-21 19:14:18 INFO  UnitTestLab:8 - number=-5
2024-10-21 19:14:18 INFO  UnitTestLab:8 - Invalid input!
2024-10-21 19:14:18 INFO  UnitTestLab:8 - Invalid input(s)!
2024-10-21 19:14:18 INFO  UnitTestLab:8 - a positive
2024-10-21 19:14:18 INFO  UnitTestLab:8 - number=0
2024-10-21 19:14:18 INFO  UnitTestLab:8 - Invalid input!
2024-10-21 19:14:19 INFO  UnitTestLab:8 - number=5
2024-10-21 19:14:19 INFO  UnitTestLab:8 - factorial=120
2024-10-21 19:14:31 INFO  UnitTestLab:8 - number=-5
2024-10-21 19:14:31 INFO  UnitTestLab:8 - Invalid input!
2024-10-21 19:14:31 INFO  UnitTestLab:8 - Invalid input(s)!
2024-10-21 19:14:31 INFO  UnitTestLab:8 - a positive
2024-10-21 19:14:31 INFO  UnitTestLab:8 - number=0
2024-10-21 19:14:31 INFO  UnitTestLab:8 - Invalid input!
2024-10-21 19:14:32 INFO  UnitTestLab:8 - number=5
2024-10-21 19:14:32 INFO  UnitTestLab:8 - factorial=120
